<?xml version="1.0" encoding="UTF-8"?>
<!-- Generated by org.testng.reporters.JUnitReportReporter -->
<testsuite hostname="DESKTOP-3E1HRJ9" failures="0" tests="1" name="tests.DiscountNoAccountTest" time="43.779" errors="0" timestamp="2022-09-17T20:56:43 EEST" skipped="0">
  <testcase classname="tests.DiscountNoAccountTest" name="discountNoAcc" time="43.779"/>
  <system-out/>
</testsuite> <!-- tests.DiscountNoAccountTest -->
