<?xml version="1.0" encoding="UTF-8"?>
<!-- Generated by org.testng.reporters.JUnitReportReporter -->
<testsuite hostname="DESKTOP-3E1HRJ9" failures="0" tests="1" name="tests.PlaceAnOrderRegisteredCustomerTest" time="41.097" errors="0" timestamp="2022-09-17T20:57:59 EEST" skipped="0">
  <testcase classname="tests.PlaceAnOrderRegisteredCustomerTest" name="placeOrder" time="41.097"/>
  <system-out/>
</testsuite> <!-- tests.PlaceAnOrderRegisteredCustomerTest -->
