<?xml version="1.0" encoding="UTF-8"?>
<!-- Generated by org.testng.reporters.JUnitReportReporter -->
<testsuite hostname="DESKTOP-3E1HRJ9" failures="0" tests="1" name="tests.SmokeTest" time="37.515" errors="0" timestamp="2022-09-19T12:32:11 EEST" skipped="0">
  <testcase classname="tests.SmokeTest" name="smokeForBlog" time="37.515"/>
  <system-out/>
</testsuite> <!-- tests.SmokeTest -->
